<?xml version="1.0" encoding="UTF-8"?>
<!-- Generated by org.testng.reporters.JUnitXMLReporter -->
<testsuite ignored="0" hostname="DESKTOP-TPDPV6I" failures="0" tests="3" name="Psyhirefirefox" time="33.613" errors="0" timestamp="2024-07-10T16:15:02 IST">
  <testcase classname="scripts.Sign_in" name="PsyHireloginScript" time="10.626"/>
  <testcase classname="scripts.Sign_in" name="PsyHireloginScript" time="12.069"/>
  <testcase classname="scripts.Sign_in" name="PsyHireloginScript" time="10.694"/>
</testsuite> <!-- Psyhirefirefox -->
