<?xml version="1.0" encoding="UTF-8"?>
<!-- Generated by org.testng.reporters.JUnitXMLReporter -->
<testsuite ignored="0" hostname="DESKTOP-TPDPV6I" failures="0" tests="3" name="Psyhirechrome" time="36.201" errors="0" timestamp="2024-07-10T16:14:28 IST">
  <testcase classname="scripts.Sign_in" name="PsyHireloginScript" time="11.471"/>
  <testcase classname="scripts.Sign_in" name="PsyHireloginScript" time="13.468"/>
  <testcase classname="scripts.Sign_in" name="PsyHireloginScript" time="10.74"/>
</testsuite> <!-- Psyhirechrome -->
