<?xml version="1.0" encoding="UTF-8"?>
<!-- Generated by org.testng.reporters.JUnitXMLReporter -->
<testsuite ignored="10" hostname="DESKTOP-3VALHA1" failures="0" tests="6" name="Test" time="231.706" errors="0" timestamp="2022-10-11T17:47:37 IST">
  <testcase classname="scripts.Login_page" name="aptahrloginScript" time="5.336"/>
  <testcase classname="scripts.SkillAssessment" name="aptahrSkillAssessmentScript" time="54.116"/>
  <testcase classname="scripts.PsychometricAssessment" name="aptahrpsychometricAssessmentScript" time="21.541"/>
  <testcase classname="scripts.Postjobmanually" name="postjobmanullyscript" time="71.477"/>
  <testcase classname="scripts.Applyjob" name="postjobmanullyscript" time="31.818"/>
  <testcase classname="scripts.Applyjobdocx" name="postjobmanullyscript" time="31.41"/>
  <testcase classname="generic.Basetest" name="@AfterSuite sendmail" time="0.0">
    <ignored/>
  </testcase> <!-- @AfterSuite sendmail -->
  <testcase classname="generic.Basetest" name="@AfterSuite sendmail" time="0.0">
    <ignored/>
  </testcase> <!-- @AfterSuite sendmail -->
  <testcase classname="generic.Basetest" name="@AfterSuite sendmail" time="0.0">
    <ignored/>
  </testcase> <!-- @AfterSuite sendmail -->
  <testcase classname="generic.Basetest" name="@AfterSuite sendmail" time="0.0">
    <ignored/>
  </testcase> <!-- @AfterSuite sendmail -->
  <testcase classname="generic.Basetest" name="@AfterSuite sendmail" time="0.0">
    <ignored/>
  </testcase> <!-- @AfterSuite sendmail -->
  <testcase classname="generic.Basetest" name="@BeforeTest generateReport" time="0.0">
    <ignored/>
  </testcase> <!-- @BeforeTest generateReport -->
  <testcase classname="generic.Basetest" name="@BeforeTest generateReport" time="0.0">
    <ignored/>
  </testcase> <!-- @BeforeTest generateReport -->
  <testcase classname="generic.Basetest" name="@BeforeTest generateReport" time="0.0">
    <ignored/>
  </testcase> <!-- @BeforeTest generateReport -->
  <testcase classname="generic.Basetest" name="@BeforeTest generateReport" time="0.0">
    <ignored/>
  </testcase> <!-- @BeforeTest generateReport -->
  <testcase classname="generic.Basetest" name="@BeforeTest generateReport" time="0.0">
    <ignored/>
  </testcase> <!-- @BeforeTest generateReport -->
</testsuite> <!-- Test -->
