<?xml version="1.0" encoding="UTF-8"?>
<!-- Generated by org.testng.reporters.JUnitXMLReporter -->
<testsuite ignored="2" hostname="DESKTOP-TPDPV6I" failures="0" tests="6" name="Test" time="82.441" errors="0" timestamp="2024-07-12T19:38:34 IST">
  <testcase classname="scripts.signIn" name="RetailsenseloginScript" time="11.327"/>
  <testcase classname="scripts.signIn" name="RetailsenseloginScript" time="11.969"/>
  <testcase classname="scripts.signIn" name="RetailsenseloginScript" time="10.791"/>
  <testcase classname="scripts.Adding_Vendor" name="RetailsenseloginScript" time="15.574"/>
  <testcase classname="scripts.Adding_Vendor" name="RetailsenseloginScript" time="17.205"/>
  <testcase classname="scripts.Adding_Vendor" name="RetailsenseloginScript" time="15.401"/>
  <testcase classname="generic.Basetest" name="@AfterSuite Sendmail" time="0.0">
    <ignored/>
  </testcase> <!-- @AfterSuite Sendmail -->
  <testcase classname="generic.Basetest" name="@BeforeSuite generateReport" time="0.0">
    <ignored/>
  </testcase> <!-- @BeforeSuite generateReport -->
</testsuite> <!-- Test -->
