<?xml version="1.0" encoding="UTF-8"?>
<testng-results ignored="0" total="1" passed="1" failed="0" skipped="0">
  <reporter-output>
  </reporter-output>
  <suite started-at="2022-10-13T16:36:29 IST" name="Suite" finished-at="2022-10-13T16:36:44 IST" duration-ms="14871">
    <groups>
    </groups>
    <test started-at="2022-10-13T16:36:29 IST" name="Test" finished-at="2022-10-13T16:36:44 IST" duration-ms="14871">
      <class name="scripts.Login_page">
        <test-method is-config="true" signature="generateReport()[pri:0, instance:scripts.Login_page@38c6f217]" started-at="2022-10-13T16:36:29 IST" name="generateReport" finished-at="2022-10-13T16:36:29 IST" duration-ms="238" status="PASS">
          <reporter-output>
          </reporter-output>
        </test-method> <!-- generateReport -->
        <test-method is-config="true" signature="precondition()[pri:0, instance:scripts.Login_page@38c6f217]" started-at="2022-10-13T16:36:29 IST" name="precondition" finished-at="2022-10-13T16:36:33 IST" duration-ms="4246" status="PASS">
          <reporter-output>
          </reporter-output>
        </test-method> <!-- precondition -->
        <test-method signature="aptahrloginScript()[pri:0, instance:scripts.Login_page@38c6f217]" started-at="2022-10-13T16:36:33 IST" name="aptahrloginScript" finished-at="2022-10-13T16:36:43 IST" duration-ms="9751" status="PASS">
          <reporter-output>
          </reporter-output>
        </test-method> <!-- aptahrloginScript -->
        <test-method is-config="true" signature="postcondition()[pri:0, instance:scripts.Login_page@38c6f217]" started-at="2022-10-13T16:36:43 IST" name="postcondition" finished-at="2022-10-13T16:36:44 IST" duration-ms="595" status="PASS">
          <reporter-output>
          </reporter-output>
        </test-method> <!-- postcondition -->
        <test-method is-config="true" signature="sendmail()[pri:0, instance:scripts.Login_page@38c6f217]" started-at="2022-10-13T16:36:44 IST" name="sendmail" finished-at="2022-10-13T16:36:48 IST" duration-ms="3979" status="PASS">
          <reporter-output>
          </reporter-output>
        </test-method> <!-- sendmail -->
      </class> <!-- scripts.Login_page -->
    </test> <!-- Test -->
  </suite> <!-- Suite -->
</testng-results>
