<?xml version="1.0" encoding="UTF-8"?>
<testng-results ignored="0" total="3" passed="3" failed="0" skipped="0">
  <reporter-output>
  </reporter-output>
  <suite started-at="2024-08-09T00:45:39 IST" name="Suite" finished-at="2024-08-09T00:46:18 IST" duration-ms="38920">
    <groups>
    </groups>
    <test started-at="2024-08-09T00:45:39 IST" name="ChromeTest" finished-at="2024-08-09T00:45:51 IST" duration-ms="11239">
      <class name="scripts.signIn">
        <test-method is-config="true" signature="initializeDriver(java.lang.String)[pri:0, instance:scripts.signIn@2756c0a7]" started-at="2024-08-09T00:45:39 IST" name="initializeDriver" finished-at="2024-08-09T00:45:41 IST" duration-ms="1282" status="PASS">
          <params>
            <param index="0">
              <value>
                <![CDATA[chrome]]>
              </value>
            </param>
          </params>
          <reporter-output>
          </reporter-output>
        </test-method> <!-- initializeDriver -->
        <test-method signature="loginScript(java.lang.String)[pri:0, instance:scripts.signIn@2756c0a7]" started-at="2024-08-09T00:45:41 IST" name="loginScript" finished-at="2024-08-09T00:45:50 IST" duration-ms="9698" status="PASS">
          <params>
            <param index="0">
              <value>
                <![CDATA[chrome]]>
              </value>
            </param>
          </params>
          <reporter-output>
          </reporter-output>
        </test-method> <!-- loginScript -->
        <test-method is-config="true" signature="postcondition()[pri:0, instance:scripts.signIn@2756c0a7]" started-at="2024-08-09T00:45:50 IST" name="postcondition" finished-at="2024-08-09T00:45:51 IST" duration-ms="248" status="PASS">
          <reporter-output>
          </reporter-output>
        </test-method> <!-- postcondition -->
      </class> <!-- scripts.signIn -->
    </test> <!-- ChromeTest -->
    <test started-at="2024-08-09T00:45:51 IST" name="FirefoxTest" finished-at="2024-08-09T00:46:07 IST" duration-ms="16716">
      <class name="scripts.signIn">
        <test-method is-config="true" signature="initializeDriver(java.lang.String)[pri:0, instance:scripts.signIn@1ce61929]" started-at="2024-08-09T00:45:51 IST" name="initializeDriver" finished-at="2024-08-09T00:45:52 IST" duration-ms="1891" status="PASS">
          <params>
            <param index="0">
              <value>
                <![CDATA[firefox]]>
              </value>
            </param>
          </params>
          <reporter-output>
          </reporter-output>
        </test-method> <!-- initializeDriver -->
        <test-method signature="loginScript(java.lang.String)[pri:0, instance:scripts.signIn@1ce61929]" started-at="2024-08-09T00:45:52 IST" name="loginScript" finished-at="2024-08-09T00:46:07 IST" duration-ms="14380" status="PASS">
          <params>
            <param index="0">
              <value>
                <![CDATA[firefox]]>
              </value>
            </param>
          </params>
          <reporter-output>
          </reporter-output>
        </test-method> <!-- loginScript -->
        <test-method is-config="true" signature="postcondition()[pri:0, instance:scripts.signIn@1ce61929]" started-at="2024-08-09T00:46:07 IST" name="postcondition" finished-at="2024-08-09T00:46:07 IST" duration-ms="443" status="PASS">
          <reporter-output>
          </reporter-output>
        </test-method> <!-- postcondition -->
      </class> <!-- scripts.signIn -->
    </test> <!-- FirefoxTest -->
    <test started-at="2024-08-09T00:46:07 IST" name="EdgeTest" finished-at="2024-08-09T00:46:18 IST" duration-ms="10957">
      <class name="scripts.signIn">
        <test-method is-config="true" signature="generateReport()[pri:0, instance:scripts.signIn@9bd0fa6]" started-at="2024-08-09T00:45:39 IST" name="generateReport" finished-at="2024-08-09T00:45:39 IST" duration-ms="101" status="PASS">
          <reporter-output>
          </reporter-output>
        </test-method> <!-- generateReport -->
        <test-method is-config="true" signature="initializeDriver(java.lang.String)[pri:0, instance:scripts.signIn@9bd0fa6]" started-at="2024-08-09T00:46:07 IST" name="initializeDriver" finished-at="2024-08-09T00:46:09 IST" duration-ms="1556" status="PASS">
          <params>
            <param index="0">
              <value>
                <![CDATA[edge]]>
              </value>
            </param>
          </params>
          <reporter-output>
          </reporter-output>
        </test-method> <!-- initializeDriver -->
        <test-method signature="loginScript(java.lang.String)[pri:0, instance:scripts.signIn@9bd0fa6]" started-at="2024-08-09T00:46:09 IST" name="loginScript" finished-at="2024-08-09T00:46:18 IST" duration-ms="9227" status="PASS">
          <params>
            <param index="0">
              <value>
                <![CDATA[edge]]>
              </value>
            </param>
          </params>
          <reporter-output>
          </reporter-output>
        </test-method> <!-- loginScript -->
        <test-method is-config="true" signature="postcondition()[pri:0, instance:scripts.signIn@9bd0fa6]" started-at="2024-08-09T00:46:18 IST" name="postcondition" finished-at="2024-08-09T00:46:18 IST" duration-ms="172" status="PASS">
          <reporter-output>
          </reporter-output>
        </test-method> <!-- postcondition -->
        <test-method is-config="true" signature="Sendmail()[pri:0, instance:scripts.signIn@9bd0fa6]" started-at="2024-08-09T00:46:18 IST" name="Sendmail" finished-at="2024-08-09T00:46:19 IST" duration-ms="603" status="PASS">
          <reporter-output>
          </reporter-output>
        </test-method> <!-- Sendmail -->
      </class> <!-- scripts.signIn -->
    </test> <!-- EdgeTest -->
  </suite> <!-- Suite -->
</testng-results>
