<?xml version="1.0" encoding="UTF-8"?>
<testng-results ignored="0" total="1" passed="1" failed="0" skipped="0">
  <reporter-output>
  </reporter-output>
  <suite started-at="2022-10-12T13:20:40 IST" name="Default suite" finished-at="2022-10-12T13:21:17 IST" duration-ms="37459">
    <groups>
    </groups>
    <test started-at="2022-10-12T13:20:40 IST" name="Default test" finished-at="2022-10-12T13:21:17 IST" duration-ms="37459">
      <class name="scripts.Applyjobdocx">
        <test-method is-config="true" signature="generateReport()[pri:0, instance:scripts.Applyjobdocx@f0c8a99]" started-at="2022-10-12T13:20:40 IST" name="generateReport" finished-at="2022-10-12T13:20:40 IST" duration-ms="236" status="PASS">
          <reporter-output>
          </reporter-output>
        </test-method> <!-- generateReport -->
        <test-method is-config="true" signature="precondition()[pri:0, instance:scripts.Applyjobdocx@f0c8a99]" started-at="2022-10-12T13:20:40 IST" name="precondition" finished-at="2022-10-12T13:20:43 IST" duration-ms="3462" status="PASS">
          <reporter-output>
          </reporter-output>
        </test-method> <!-- precondition -->
        <test-method signature="postjobmanullyscript()[pri:0, instance:scripts.Applyjobdocx@f0c8a99]" started-at="2022-10-12T13:20:43 IST" name="postjobmanullyscript" finished-at="2022-10-12T13:21:17 IST" duration-ms="33286" status="PASS">
          <reporter-output>
          </reporter-output>
        </test-method> <!-- postjobmanullyscript -->
        <test-method is-config="true" signature="postcondition()[pri:0, instance:scripts.Applyjobdocx@f0c8a99]" started-at="2022-10-12T13:21:17 IST" name="postcondition" finished-at="2022-10-12T13:21:17 IST" duration-ms="439" status="PASS">
          <reporter-output>
          </reporter-output>
        </test-method> <!-- postcondition -->
        <test-method is-config="true" signature="sendmail()[pri:0, instance:scripts.Applyjobdocx@f0c8a99]" started-at="2022-10-12T13:21:17 IST" name="sendmail" finished-at="2022-10-12T13:21:21 IST" duration-ms="4421" status="PASS">
          <reporter-output>
          </reporter-output>
        </test-method> <!-- sendmail -->
      </class> <!-- scripts.Applyjobdocx -->
    </test> <!-- Default test -->
  </suite> <!-- Default suite -->
</testng-results>
